0 info it worked if it ends with ok
1 verbose cli [ 'node', '/usr/local/bin/npm', 'install', 'dev' ]
2 info using npm@2.11.2
3 info using node@v0.12.5
4 verbose install initial load of /Users/danielmartinez/tutorials/express-tutorial/package.json
5 warn package.json express-tutorial@1.0.0 No description
6 warn package.json express-tutorial@1.0.0 No repository field.
7 warn package.json express-tutorial@1.0.0 No README data
8 verbose installManyTop reading scoped package data from /Users/danielmartinez/tutorials/express-tutorial/node_modules/express/package.json
9 verbose installManyTop reading scoped package data from /Users/danielmartinez/tutorials/express-tutorial/node_modules/lodash/package.json
10 verbose installManyTop reading scoped package data from /Users/danielmartinez/tutorials/express-tutorial/node_modules/nodemon/package.json
11 verbose readDependencies loading dependencies from /Users/danielmartinez/tutorials/express-tutorial/package.json
12 silly cache add args [ 'dev', null ]
13 verbose cache add spec dev
14 silly cache add parsed spec { raw: 'dev',
14 silly cache add   scope: null,
14 silly cache add   name: 'dev',
14 silly cache add   rawSpec: '',
14 silly cache add   spec: '*',
14 silly cache add   type: 'range' }
15 silly addNamed dev@*
16 verbose addNamed "*" is a valid semver range for dev
17 silly addNameRange { name: 'dev', range: '*', hasData: false }
18 silly mapToRegistry name dev
19 silly mapToRegistry using default registry
20 silly mapToRegistry registry https://registry.npmjs.org/
21 silly mapToRegistry uri https://registry.npmjs.org/dev
22 verbose addNameRange registry:https://registry.npmjs.org/dev not in flight; fetching
23 verbose request uri https://registry.npmjs.org/dev
24 verbose request no auth needed
25 info attempt registry request try #1 at 3:05:20 PM
26 verbose request id 8b2b4cc83833d13b
27 http request GET https://registry.npmjs.org/dev
28 http 200 https://registry.npmjs.org/dev
29 silly get cb [ 200,
29 silly get   { server: 'CouchDB/1.5.0 (Erlang OTP/R16B03)',
29 silly get     etag: '"6FAQ717WLWEEHPRF40N2OPADI"',
29 silly get     'content-type': 'application/json',
29 silly get     'cache-control': 'max-age=60',
29 silly get     'content-length': '8751',
29 silly get     'accept-ranges': 'bytes',
29 silly get     date: 'Thu, 13 Aug 2015 20:05:20 GMT',
29 silly get     via: '1.1 varnish',
29 silly get     age: '0',
29 silly get     connection: 'keep-alive',
29 silly get     'x-served-by': 'cache-ord1732-ORD',
29 silly get     'x-cache': 'MISS',
29 silly get     'x-cache-hits': '0',
29 silly get     'x-timer': 'S1439496320.751922,VS0,VE79',
29 silly get     vary: 'Accept' } ]
30 verbose get saving dev to /Users/danielmartinez/.npm/registry.npmjs.org/dev/.cache.json
31 silly addNameRange number 2 { name: 'dev', range: '*', hasData: true }
32 silly addNameRange versions [ 'dev',
32 silly addNameRange   [ '0.1.0',
32 silly addNameRange     '0.1.1',
32 silly addNameRange     '0.1.2',
32 silly addNameRange     '0.1.3',
32 silly addNameRange     '0.1.1-d',
32 silly addNameRange     '0.1.1-e',
32 silly addNameRange     '0.1.1-f',
32 silly addNameRange     '0.1.1-g',
32 silly addNameRange     '0.1.1-h',
32 silly addNameRange     '0.1.1-n',
32 silly addNameRange     '0.1.1-p' ] ]
33 silly addNamed dev@0.1.3
34 verbose addNamed "0.1.3" is a plain semver version for dev
35 silly mapToRegistry name dev
36 silly mapToRegistry using default registry
37 silly mapToRegistry registry https://registry.npmjs.org/
38 silly mapToRegistry uri https://registry.npmjs.org/dev
39 verbose addRemoteTarball https://registry.npmjs.org/dev/-/dev-0.1.3.tgz not in flight; adding
40 verbose addRemoteTarball [ 'https://registry.npmjs.org/dev/-/dev-0.1.3.tgz',
40 verbose addRemoteTarball   '89fdc08705e0e7eaef92d012e26751e4d744322a' ]
41 info retry fetch attempt 1 at 3:05:21 PM
42 info attempt registry request try #1 at 3:05:21 PM
43 http fetch GET https://registry.npmjs.org/dev/-/dev-0.1.3.tgz
44 http fetch 200 https://registry.npmjs.org/dev/-/dev-0.1.3.tgz
45 silly fetchAndShaCheck shasum 89fdc08705e0e7eaef92d012e26751e4d744322a
46 verbose addTmpTarball /var/folders/8k/c9ncktxx1kv915qq87b63dn80000gp/T/npm-1271-5f43aa59/registry.npmjs.org/dev/-/dev-0.1.3.tgz not in flight; adding
47 verbose addTmpTarball already have metadata; skipping unpack for dev@0.1.3
48 silly cache afterAdd dev@0.1.3
49 verbose afterAdd /Users/danielmartinez/.npm/dev/0.1.3/package/package.json not in flight; writing
50 verbose afterAdd /Users/danielmartinez/.npm/dev/0.1.3/package/package.json written
51 silly install resolved [ { name: 'dev',
51 silly install resolved     description: 'Reruns the given file whenever the current working dir subtree has modifications.',
51 silly install resolved     version: '0.1.3',
51 silly install resolved     repository: { type: 'git', url: 'git://github.com/iliakan/node-dev.git' },
51 silly install resolved     author:
51 silly install resolved      { name: 'Ilya Kantor',
51 silly install resolved        email: 'iliakan@gmail.com',
51 silly install resolved        url: 'http://javascript.info/' },
51 silly install resolved     preferGlobal: true,
51 silly install resolved     bin: { 'node-dev': './node-dev.sh' },
51 silly install resolved     dependencies: { inotify: '>= 0.1.6' },
51 silly install resolved     devDependencies: {},
51 silly install resolved     _id: 'dev@0.1.3',
51 silly install resolved     engines: { node: '*' },
51 silly install resolved     _engineSupported: true,
51 silly install resolved     _npmVersion: '1.0.6',
51 silly install resolved     _nodeVersion: 'v0.5.0-pre',
51 silly install resolved     _defaultsLoaded: true,
51 silly install resolved     dist:
51 silly install resolved      { shasum: '89fdc08705e0e7eaef92d012e26751e4d744322a',
51 silly install resolved        tarball: 'http://registry.npmjs.org/dev/-/dev-0.1.3.tgz' },
51 silly install resolved     scripts: {},
51 silly install resolved     directories: {},
51 silly install resolved     _shasum: '89fdc08705e0e7eaef92d012e26751e4d744322a',
51 silly install resolved     _resolved: 'https://registry.npmjs.org/dev/-/dev-0.1.3.tgz',
51 silly install resolved     _from: 'dev@*' } ]
52 info install dev@0.1.3 into /Users/danielmartinez/tutorials/express-tutorial
53 info installOne dev@0.1.3
54 verbose installOne of dev to /Users/danielmartinez/tutorials/express-tutorial not in flight; installing
55 verbose lock using /Users/danielmartinez/.npm/_locks/dev-2bbdc9bc6d5f1fdf.lock for /Users/danielmartinez/tutorials/express-tutorial/node_modules/dev
56 silly install write writing dev 0.1.3 to /Users/danielmartinez/tutorials/express-tutorial/node_modules/dev
57 verbose unbuild node_modules/dev
58 silly gentlyRm /Users/danielmartinez/tutorials/express-tutorial/node_modules/dev is being purged from base /Users/danielmartinez/tutorials/express-tutorial
59 verbose gentlyRm don't care about contents; nuking /Users/danielmartinez/tutorials/express-tutorial/node_modules/dev
60 verbose tar unpack /Users/danielmartinez/.npm/dev/0.1.3/package.tgz
61 verbose tar unpacking to /Users/danielmartinez/tutorials/express-tutorial/node_modules/dev
62 silly gentlyRm /Users/danielmartinez/tutorials/express-tutorial/node_modules/dev is being purged
63 verbose gentlyRm don't care about contents; nuking /Users/danielmartinez/tutorials/express-tutorial/node_modules/dev
64 silly gunzTarPerm modes [ '755', '644' ]
65 silly gunzTarPerm extractEntry index.js
66 silly gunzTarPerm extractEntry .npmignore
67 silly gunzTarPerm extractEntry readme.md
68 silly gunzTarPerm extractEntry package.json
69 silly gunzTarPerm extractEntry node-dev.sh
70 silly gunzTarPerm extractEntry manager.js
71 verbose write writing to /Users/danielmartinez/tutorials/express-tutorial/node_modules/dev/package.json
72 info preinstall dev@0.1.3
73 verbose readDependencies loading dependencies from /Users/danielmartinez/tutorials/express-tutorial/node_modules/dev/package.json
74 silly prepareForInstallMany adding inotify@>= 0.1.6 from dev dependencies
75 verbose readDependencies loading dependencies from /Users/danielmartinez/tutorials/express-tutorial/node_modules/dev/package.json
76 silly cache add args [ 'inotify@>= 0.1.6', null ]
77 verbose cache add spec inotify@>= 0.1.6
78 silly cache add parsed spec { raw: 'inotify@>= 0.1.6',
78 silly cache add   scope: null,
78 silly cache add   name: 'inotify',
78 silly cache add   rawSpec: '>= 0.1.6',
78 silly cache add   spec: '>=0.1.6',
78 silly cache add   type: 'range' }
79 silly addNamed inotify@>=0.1.6
80 verbose addNamed ">=0.1.6" is a valid semver range for inotify
81 silly addNameRange { name: 'inotify', range: '>=0.1.6', hasData: false }
82 silly mapToRegistry name inotify
83 silly mapToRegistry using default registry
84 silly mapToRegistry registry https://registry.npmjs.org/
85 silly mapToRegistry uri https://registry.npmjs.org/inotify
86 verbose addNameRange registry:https://registry.npmjs.org/inotify not in flight; fetching
87 verbose request uri https://registry.npmjs.org/inotify
88 verbose request no auth needed
89 info attempt registry request try #1 at 3:05:21 PM
90 http request GET https://registry.npmjs.org/inotify
91 http 200 https://registry.npmjs.org/inotify
92 silly get cb [ 200,
92 silly get   { server: 'CouchDB/1.5.0 (Erlang OTP/R16B03)',
92 silly get     etag: '"BWOJ7WHG1C317LTT5LMWIY21J"',
92 silly get     'content-type': 'application/json',
92 silly get     'cache-control': 'max-age=60',
92 silly get     'content-length': '25158',
92 silly get     'accept-ranges': 'bytes',
92 silly get     date: 'Thu, 13 Aug 2015 20:05:21 GMT',
92 silly get     via: '1.1 varnish',
92 silly get     age: '0',
92 silly get     connection: 'keep-alive',
92 silly get     'x-served-by': 'cache-ord1727-ORD',
92 silly get     'x-cache': 'MISS',
92 silly get     'x-cache-hits': '0',
92 silly get     'x-timer': 'S1439496321.633690,VS0,VE69',
92 silly get     vary: 'Accept' } ]
93 verbose get saving inotify to /Users/danielmartinez/.npm/registry.npmjs.org/inotify/.cache.json
94 silly addNameRange number 2 { name: 'inotify', range: '>=0.1.6', hasData: true }
95 silly addNameRange versions [ 'inotify',
95 silly addNameRange   [ '0.1.2',
95 silly addNameRange     '0.1.3',
95 silly addNameRange     '0.1.4',
95 silly addNameRange     '0.1.5',
95 silly addNameRange     '0.1.6',
95 silly addNameRange     '0.1.7',
95 silly addNameRange     '0.1.8',
95 silly addNameRange     '0.2.0',
95 silly addNameRange     '0.2.1',
95 silly addNameRange     '0.2.2',
95 silly addNameRange     '1.0.0',
95 silly addNameRange     '1.1.0',
95 silly addNameRange     '1.2.0',
95 silly addNameRange     '1.2.1',
95 silly addNameRange     '1.3.0' ] ]
96 silly addNamed inotify@1.3.0
97 verbose addNamed "1.3.0" is a plain semver version for inotify
98 silly mapToRegistry name inotify
99 silly mapToRegistry using default registry
100 silly mapToRegistry registry https://registry.npmjs.org/
101 silly mapToRegistry uri https://registry.npmjs.org/inotify
102 verbose addRemoteTarball https://registry.npmjs.org/inotify/-/inotify-1.3.0.tgz not in flight; adding
103 verbose addRemoteTarball [ 'https://registry.npmjs.org/inotify/-/inotify-1.3.0.tgz',
103 verbose addRemoteTarball   '362bbd68b9c5bd591af415c2d2248a0d7d722877' ]
104 info retry fetch attempt 1 at 3:05:22 PM
105 info attempt registry request try #1 at 3:05:22 PM
106 http fetch GET https://registry.npmjs.org/inotify/-/inotify-1.3.0.tgz
107 http fetch 200 https://registry.npmjs.org/inotify/-/inotify-1.3.0.tgz
108 silly fetchAndShaCheck shasum 362bbd68b9c5bd591af415c2d2248a0d7d722877
109 verbose addTmpTarball /var/folders/8k/c9ncktxx1kv915qq87b63dn80000gp/T/npm-1271-5f43aa59/registry.npmjs.org/inotify/-/inotify-1.3.0.tgz not in flight; adding
110 verbose addTmpTarball already have metadata; skipping unpack for inotify@1.3.0
111 silly cache afterAdd inotify@1.3.0
112 verbose afterAdd /Users/danielmartinez/.npm/inotify/1.3.0/package/package.json not in flight; writing
113 verbose afterAdd /Users/danielmartinez/.npm/inotify/1.3.0/package/package.json written
114 silly install resolved [ { name: 'inotify',
114 silly install resolved     version: '1.3.0',
114 silly install resolved     author: { name: 'Camilo Aguilar', email: 'camilo.aguilar@gmail.com' },
114 silly install resolved     email: 'camilo.aguilar@gmail.com',
114 silly install resolved     keywords:
114 silly install resolved      [ 'inotify',
114 silly install resolved        'watch',
114 silly install resolved        'monitor',
114 silly install resolved        'watch files',
114 silly install resolved        'watch directories' ],
114 silly install resolved     license: 'MIT',
114 silly install resolved     description: 'inotify bindings for v8 javascript engine',
114 silly install resolved     repository: { type: 'git', url: 'http://github.com/c4milo/node-inotify' },
114 silly install resolved     engines: { node: '>=0.8' },
114 silly install resolved     main: 'inotify',
114 silly install resolved     dependencies: { nan: '^1.8.4' },
114 silly install resolved     scripts: { install: 'node-gyp rebuild' },
114 silly install resolved     gypfile: true,
114 silly install resolved     contributors:
114 silly install resolved      [ [Object],
114 silly install resolved        [Object],
114 silly install resolved        [Object],
114 silly install resolved        [Object],
114 silly install resolved        [Object],
114 silly install resolved        [Object],
114 silly install resolved        [Object] ],
114 silly install resolved     gitHead: '27052815fe7733efaf55d59188e111f81fcb2552',
114 silly install resolved     bugs: { url: 'https://github.com/c4milo/node-inotify/issues' },
114 silly install resolved     homepage: 'https://github.com/c4milo/node-inotify',
114 silly install resolved     _id: 'inotify@1.3.0',
114 silly install resolved     _shasum: '362bbd68b9c5bd591af415c2d2248a0d7d722877',
114 silly install resolved     _from: 'inotify@>=0.1.6',
114 silly install resolved     _npmVersion: '2.7.5',
114 silly install resolved     _nodeVersion: '0.12.2',
114 silly install resolved     _npmUser: { name: 'c4milo', email: 'camilo.aguilar@gmail.com' },
114 silly install resolved     maintainers: [ [Object], [Object] ],
114 silly install resolved     dist:
114 silly install resolved      { shasum: '362bbd68b9c5bd591af415c2d2248a0d7d722877',
114 silly install resolved        tarball: 'http://registry.npmjs.org/inotify/-/inotify-1.3.0.tgz' },
114 silly install resolved     directories: {},
114 silly install resolved     _resolved: 'https://registry.npmjs.org/inotify/-/inotify-1.3.0.tgz' } ]
115 info install inotify@1.3.0 into /Users/danielmartinez/tutorials/express-tutorial/node_modules/dev
116 info installOne inotify@1.3.0
117 verbose installOne of inotify to /Users/danielmartinez/tutorials/express-tutorial/node_modules/dev not in flight; installing
118 verbose lock using /Users/danielmartinez/.npm/_locks/inotify-c2de69fb4e933b6c.lock for /Users/danielmartinez/tutorials/express-tutorial/node_modules/dev/node_modules/inotify
119 silly install write writing inotify 1.3.0 to /Users/danielmartinez/tutorials/express-tutorial/node_modules/dev/node_modules/inotify
120 verbose unbuild node_modules/dev/node_modules/inotify
121 silly gentlyRm /Users/danielmartinez/tutorials/express-tutorial/node_modules/dev/node_modules/inotify is being purged from base /Users/danielmartinez/tutorials/express-tutorial
122 verbose gentlyRm don't care about contents; nuking /Users/danielmartinez/tutorials/express-tutorial/node_modules/dev/node_modules/inotify
123 verbose tar unpack /Users/danielmartinez/.npm/inotify/1.3.0/package.tgz
124 verbose tar unpacking to /Users/danielmartinez/tutorials/express-tutorial/node_modules/dev/node_modules/inotify
125 silly gentlyRm /Users/danielmartinez/tutorials/express-tutorial/node_modules/dev/node_modules/inotify is being purged
126 verbose gentlyRm don't care about contents; nuking /Users/danielmartinez/tutorials/express-tutorial/node_modules/dev/node_modules/inotify
127 silly gunzTarPerm modes [ '755', '644' ]
128 silly gunzTarPerm extractEntry package.json
129 silly gunzTarPerm extractEntry .npmignore
130 silly gunzTarPerm extractEntry README.md
131 silly gunzTarPerm extractEntry LICENSE
132 silly gunzTarPerm extractEntry example.js
133 silly gunzTarPerm extractEntry inotify.js
134 silly gunzTarPerm extractEntry AUTHORS
135 silly gunzTarPerm extractEntry Vagrantfile
136 silly gunzTarPerm extractEntry binding.gyp
137 silly gunzTarPerm extractEntry src/bindings.cc
138 silly gunzTarPerm extractEntry src/bindings.h
139 silly gunzTarPerm extractEntry src/node_inotify.cc
140 silly gunzTarPerm extractEntry src/node_inotify.h
141 verbose write writing to /Users/danielmartinez/tutorials/express-tutorial/node_modules/dev/node_modules/inotify/package.json
142 info preinstall inotify@1.3.0
143 verbose readDependencies loading dependencies from /Users/danielmartinez/tutorials/express-tutorial/node_modules/dev/node_modules/inotify/package.json
144 silly prepareForInstallMany adding nan@^1.8.4 from inotify dependencies
145 verbose readDependencies loading dependencies from /Users/danielmartinez/tutorials/express-tutorial/node_modules/dev/node_modules/inotify/package.json
146 silly cache add args [ 'nan@^1.8.4', null ]
147 verbose cache add spec nan@^1.8.4
148 silly cache add parsed spec { raw: 'nan@^1.8.4',
148 silly cache add   scope: null,
148 silly cache add   name: 'nan',
148 silly cache add   rawSpec: '^1.8.4',
148 silly cache add   spec: '>=1.8.4 <2.0.0',
148 silly cache add   type: 'range' }
149 silly addNamed nan@>=1.8.4 <2.0.0
150 verbose addNamed ">=1.8.4 <2.0.0" is a valid semver range for nan
151 silly addNameRange { name: 'nan', range: '>=1.8.4 <2.0.0', hasData: false }
152 silly mapToRegistry name nan
153 silly mapToRegistry using default registry
154 silly mapToRegistry registry https://registry.npmjs.org/
155 silly mapToRegistry uri https://registry.npmjs.org/nan
156 verbose addNameRange registry:https://registry.npmjs.org/nan not in flight; fetching
157 verbose request uri https://registry.npmjs.org/nan
158 verbose request no auth needed
159 info attempt registry request try #1 at 3:05:22 PM
160 verbose etag "7ZNJE7CSHKCXQDJXAXFJDO4DJ"
161 http request GET https://registry.npmjs.org/nan
162 http 200 https://registry.npmjs.org/nan
163 silly get cb [ 200,
163 silly get   { server: 'CouchDB/1.5.0 (Erlang OTP/R16B03)',
163 silly get     etag: '"41PIK59ZUA3ADEJCQ281I0TDQ"',
163 silly get     'content-type': 'application/json',
163 silly get     'cache-control': 'max-age=60',
163 silly get     'content-length': '90707',
163 silly get     'accept-ranges': 'bytes',
163 silly get     date: 'Thu, 13 Aug 2015 20:05:22 GMT',
163 silly get     via: '1.1 varnish',
163 silly get     age: '20',
163 silly get     connection: 'keep-alive',
163 silly get     'x-served-by': 'cache-ord1721-ORD',
163 silly get     'x-cache': 'HIT',
163 silly get     'x-cache-hits': '2',
163 silly get     'x-timer': 'S1439496322.519202,VS0,VE0',
163 silly get     vary: 'Accept' } ]
164 verbose get saving nan to /Users/danielmartinez/.npm/registry.npmjs.org/nan/.cache.json
165 silly addNameRange number 2 { name: 'nan', range: '>=1.8.4 <2.0.0', hasData: true }
166 silly addNameRange versions [ 'nan',
166 silly addNameRange   [ '0.3.0-wip',
166 silly addNameRange     '0.3.0-wip2',
166 silly addNameRange     '0.3.0',
166 silly addNameRange     '0.3.1',
166 silly addNameRange     '0.3.2',
166 silly addNameRange     '0.4.0',
166 silly addNameRange     '0.4.1',
166 silly addNameRange     '0.4.2',
166 silly addNameRange     '0.4.3',
166 silly addNameRange     '0.4.4',
166 silly addNameRange     '0.5.0',
166 silly addNameRange     '0.5.1',
166 silly addNameRange     '0.5.2',
166 silly addNameRange     '0.6.0',
166 silly addNameRange     '0.7.0',
166 silly addNameRange     '0.7.1',
166 silly addNameRange     '0.8.0',
166 silly addNameRange     '1.0.0',
166 silly addNameRange     '1.1.0',
166 silly addNameRange     '1.1.1',
166 silly addNameRange     '1.1.2',
166 silly addNameRange     '1.2.0',
166 silly addNameRange     '1.3.0',
166 silly addNameRange     '1.4.0',
166 silly addNameRange     '1.4.1',
166 silly addNameRange     '1.5.0',
166 silly addNameRange     '1.4.2',
166 silly addNameRange     '1.4.3',
166 silly addNameRange     '1.5.1',
166 silly addNameRange     '1.5.2',
166 silly addNameRange     '1.6.0',
166 silly addNameRange     '1.5.3',
166 silly addNameRange     '1.6.1',
166 silly addNameRange     '1.6.2',
166 silly addNameRange     '1.7.0',
166 silly addNameRange     '1.8.0',
166 silly addNameRange     '1.8.1',
166 silly addNameRange     '1.8.2',
166 silly addNameRange     '1.8.3',
166 silly addNameRange     '1.8.4',
166 silly addNameRange     '1.9.0',
166 silly addNameRange     '2.0.0',
166 silly addNameRange     '2.0.1',
166 silly addNameRange     '2.0.2',
166 silly addNameRange     '2.0.3',
166 silly addNameRange     '2.0.4',
166 silly addNameRange     '2.0.5' ] ]
167 silly addNamed nan@1.9.0
168 verbose addNamed "1.9.0" is a plain semver version for nan
169 silly cache afterAdd nan@1.9.0
170 verbose afterAdd /Users/danielmartinez/.npm/nan/1.9.0/package/package.json not in flight; writing
171 verbose afterAdd /Users/danielmartinez/.npm/nan/1.9.0/package/package.json written
172 silly install resolved [ { name: 'nan',
172 silly install resolved     version: '1.9.0',
172 silly install resolved     description: 'Native Abstractions for Node.js: C++ header for Node 0.8->0.12 compatibility',
172 silly install resolved     main: 'include_dirs.js',
172 silly install resolved     repository: { type: 'git', url: 'git://github.com/nodejs/nan.git' },
172 silly install resolved     scripts:
172 silly install resolved      { test: 'tap --gc test/js/*-test.js',
172 silly install resolved        'rebuild-tests': 'pangyp rebuild --msvs_version=2013 --directory test' },
172 silly install resolved     contributors:
172 silly install resolved      [ [Object],
172 silly install resolved        [Object],
172 silly install resolved        [Object],
172 silly install resolved        [Object],
172 silly install resolved        [Object],
172 silly install resolved        [Object],
172 silly install resolved        [Object] ],
172 silly install resolved     devDependencies:
172 silly install resolved      { bindings: '~1.2.1',
172 silly install resolved        'node-gyp': '~2.0.2',
172 silly install resolved        pangyp: '~2.2.0',
172 silly install resolved        tap: '~0.7.1',
172 silly install resolved        xtend: '~4.0.0' },
172 silly install resolved     license: 'MIT',
172 silly install resolved     gitHead: '399b3a54ada39a7cf7a11978ea727eae3686666e',
172 silly install resolved     bugs: { url: 'https://github.com/nodejs/nan/issues' },
172 silly install resolved     homepage: 'https://github.com/nodejs/nan#readme',
172 silly install resolved     _id: 'nan@1.9.0',
172 silly install resolved     _shasum: '1a9cd2755609766f5c291e4194fce39fde286515',
172 silly install resolved     _from: 'nan@>=1.8.4 <2.0.0',
172 silly install resolved     _npmVersion: '2.13.3',
172 silly install resolved     _nodeVersion: '0.12.2',
172 silly install resolved     _npmUser: { name: 'kkoopa', email: 'bbyholm@abo.fi' },
172 silly install resolved     maintainers: [ [Object], [Object] ],
172 silly install resolved     dist:
172 silly install resolved      { shasum: '1a9cd2755609766f5c291e4194fce39fde286515',
172 silly install resolved        tarball: 'http://registry.npmjs.org/nan/-/nan-1.9.0.tgz' },
172 silly install resolved     directories: {},
172 silly install resolved     _resolved: 'https://registry.npmjs.org/nan/-/nan-1.9.0.tgz',
172 silly install resolved     readme: 'ERROR: No README data found!' } ]
173 info install nan@1.9.0 into /Users/danielmartinez/tutorials/express-tutorial/node_modules/dev/node_modules/inotify
174 info installOne nan@1.9.0
175 verbose installOne of nan to /Users/danielmartinez/tutorials/express-tutorial/node_modules/dev/node_modules/inotify not in flight; installing
176 verbose lock using /Users/danielmartinez/.npm/_locks/nan-3753aa0874d7b34c.lock for /Users/danielmartinez/tutorials/express-tutorial/node_modules/dev/node_modules/inotify/node_modules/nan
177 silly install write writing nan 1.9.0 to /Users/danielmartinez/tutorials/express-tutorial/node_modules/dev/node_modules/inotify/node_modules/nan
178 verbose unbuild node_modules/dev/node_modules/inotify/node_modules/nan
179 silly gentlyRm /Users/danielmartinez/tutorials/express-tutorial/node_modules/dev/node_modules/inotify/node_modules/nan is being purged from base /Users/danielmartinez/tutorials/express-tutorial
180 verbose gentlyRm don't care about contents; nuking /Users/danielmartinez/tutorials/express-tutorial/node_modules/dev/node_modules/inotify/node_modules/nan
181 verbose tar unpack /Users/danielmartinez/.npm/nan/1.9.0/package.tgz
182 verbose tar unpacking to /Users/danielmartinez/tutorials/express-tutorial/node_modules/dev/node_modules/inotify/node_modules/nan
183 silly gentlyRm /Users/danielmartinez/tutorials/express-tutorial/node_modules/dev/node_modules/inotify/node_modules/nan is being purged
184 verbose gentlyRm don't care about contents; nuking /Users/danielmartinez/tutorials/express-tutorial/node_modules/dev/node_modules/inotify/node_modules/nan
185 silly gunzTarPerm modes [ '755', '644' ]
186 silly gunzTarPerm extractEntry package.json
187 silly gunzTarPerm modified mode [ 'package.json', 436, 420 ]
188 silly gunzTarPerm extractEntry README.md
189 silly gunzTarPerm modified mode [ 'README.md', 436, 420 ]
190 silly gunzTarPerm extractEntry include_dirs.js
191 silly gunzTarPerm modified mode [ 'include_dirs.js', 436, 420 ]
192 silly gunzTarPerm extractEntry LICENSE.md
193 silly gunzTarPerm modified mode [ 'LICENSE.md', 436, 420 ]
194 silly gunzTarPerm extractEntry .dntrc
195 silly gunzTarPerm modified mode [ '.dntrc', 436, 420 ]
196 silly gunzTarPerm extractEntry appveyor.yml
197 silly gunzTarPerm modified mode [ 'appveyor.yml', 436, 420 ]
198 silly gunzTarPerm extractEntry nan.h
199 silly gunzTarPerm modified mode [ 'nan.h', 436, 420 ]
200 silly gunzTarPerm extractEntry nan_implementation_12_inl.h
201 silly gunzTarPerm modified mode [ 'nan_implementation_12_inl.h', 436, 420 ]
202 silly gunzTarPerm extractEntry nan_implementation_pre_12_inl.h
203 silly gunzTarPerm modified mode [ 'nan_implementation_pre_12_inl.h', 436, 420 ]
204 silly gunzTarPerm extractEntry nan_new.h
205 silly gunzTarPerm modified mode [ 'nan_new.h', 436, 420 ]
206 silly gunzTarPerm extractEntry nan_string_bytes.h
207 silly gunzTarPerm modified mode [ 'nan_string_bytes.h', 436, 420 ]
208 silly gunzTarPerm extractEntry CHANGELOG.md
209 silly gunzTarPerm modified mode [ 'CHANGELOG.md', 436, 420 ]
210 silly gunzTarPerm extractEntry tools/node_modules/commander/package.json
211 silly gunzTarPerm modified mode [ 'tools/node_modules/commander/package.json', 436, 420 ]
212 silly gunzTarPerm extractEntry tools/node_modules/commander/LICENSE
213 silly gunzTarPerm modified mode [ 'tools/node_modules/commander/LICENSE', 436, 420 ]
214 silly gunzTarPerm extractEntry tools/node_modules/commander/index.js
215 silly gunzTarPerm modified mode [ 'tools/node_modules/commander/index.js', 436, 420 ]
216 silly gunzTarPerm extractEntry tools/node_modules/commander/History.md
217 silly gunzTarPerm modified mode [ 'tools/node_modules/commander/History.md', 436, 420 ]
218 silly gunzTarPerm extractEntry tools/node_modules/commander/Readme.md
219 silly gunzTarPerm modified mode [ 'tools/node_modules/commander/Readme.md', 436, 420 ]
220 silly gunzTarPerm extractEntry tools/node_modules/commander/node_modules/graceful-readlink/package.json
221 silly gunzTarPerm modified mode [ 'tools/node_modules/commander/node_modules/graceful-readlink/package.json',
221 silly gunzTarPerm   436,
221 silly gunzTarPerm   420 ]
222 silly gunzTarPerm extractEntry tools/node_modules/commander/node_modules/graceful-readlink/.npmignore
223 silly gunzTarPerm modified mode [ 'tools/node_modules/commander/node_modules/graceful-readlink/.npmignore',
223 silly gunzTarPerm   436,
223 silly gunzTarPerm   420 ]
224 silly gunzTarPerm extractEntry tools/node_modules/commander/node_modules/graceful-readlink/README.md
225 silly gunzTarPerm modified mode [ 'tools/node_modules/commander/node_modules/graceful-readlink/README.md',
225 silly gunzTarPerm   436,
225 silly gunzTarPerm   420 ]
226 silly gunzTarPerm extractEntry tools/node_modules/commander/node_modules/graceful-readlink/LICENSE
227 silly gunzTarPerm modified mode [ 'tools/node_modules/commander/node_modules/graceful-readlink/LICENSE',
227 silly gunzTarPerm   436,
227 silly gunzTarPerm   420 ]
228 silly gunzTarPerm extractEntry tools/node_modules/commander/node_modules/graceful-readlink/index.js
229 silly gunzTarPerm modified mode [ 'tools/node_modules/commander/node_modules/graceful-readlink/index.js',
229 silly gunzTarPerm   436,
229 silly gunzTarPerm   420 ]
230 silly gunzTarPerm extractEntry tools/node_modules/commander/node_modules/graceful-readlink/.travis.yml
231 silly gunzTarPerm modified mode [ 'tools/node_modules/commander/node_modules/graceful-readlink/.travis.yml',
231 silly gunzTarPerm   436,
231 silly gunzTarPerm   420 ]
232 silly gunzTarPerm extractEntry tools/node_modules/glob/package.json
233 silly gunzTarPerm modified mode [ 'tools/node_modules/glob/package.json', 436, 420 ]
234 silly gunzTarPerm extractEntry tools/node_modules/glob/README.md
235 silly gunzTarPerm modified mode [ 'tools/node_modules/glob/README.md', 436, 420 ]
236 silly gunzTarPerm extractEntry tools/node_modules/glob/LICENSE
237 silly gunzTarPerm modified mode [ 'tools/node_modules/glob/LICENSE', 436, 420 ]
238 silly gunzTarPerm extractEntry tools/node_modules/glob/common.js
239 silly gunzTarPerm modified mode [ 'tools/node_modules/glob/common.js', 436, 420 ]
240 silly gunzTarPerm extractEntry tools/node_modules/glob/glob.js
241 silly gunzTarPerm modified mode [ 'tools/node_modules/glob/glob.js', 436, 420 ]
242 silly gunzTarPerm extractEntry tools/node_modules/glob/sync.js
243 silly gunzTarPerm modified mode [ 'tools/node_modules/glob/sync.js', 436, 420 ]
244 silly gunzTarPerm extractEntry tools/node_modules/glob/node_modules/inflight/package.json
245 silly gunzTarPerm modified mode [ 'tools/node_modules/glob/node_modules/inflight/package.json',
245 silly gunzTarPerm   436,
245 silly gunzTarPerm   420 ]
246 silly gunzTarPerm extractEntry tools/node_modules/glob/node_modules/inflight/README.md
247 silly gunzTarPerm modified mode [ 'tools/node_modules/glob/node_modules/inflight/README.md',
247 silly gunzTarPerm   436,
247 silly gunzTarPerm   420 ]
248 silly gunzTarPerm extractEntry tools/node_modules/glob/node_modules/inflight/LICENSE
249 silly gunzTarPerm modified mode [ 'tools/node_modules/glob/node_modules/inflight/LICENSE',
249 silly gunzTarPerm   436,
249 silly gunzTarPerm   420 ]
250 silly gunzTarPerm extractEntry tools/node_modules/glob/node_modules/inflight/inflight.js
251 silly gunzTarPerm modified mode [ 'tools/node_modules/glob/node_modules/inflight/inflight.js',
251 silly gunzTarPerm   436,
251 silly gunzTarPerm   420 ]
252 silly gunzTarPerm extractEntry tools/node_modules/glob/node_modules/inflight/test.js
253 silly gunzTarPerm modified mode [ 'tools/node_modules/glob/node_modules/inflight/test.js',
253 silly gunzTarPerm   436,
253 silly gunzTarPerm   420 ]
254 silly gunzTarPerm extractEntry tools/node_modules/glob/node_modules/inflight/.eslintrc
255 silly gunzTarPerm modified mode [ 'tools/node_modules/glob/node_modules/inflight/.eslintrc',
255 silly gunzTarPerm   436,
255 silly gunzTarPerm   420 ]
256 silly gunzTarPerm extractEntry tools/node_modules/glob/node_modules/inflight/node_modules/wrappy/package.json
257 silly gunzTarPerm modified mode [ 'tools/node_modules/glob/node_modules/inflight/node_modules/wrappy/package.json',
257 silly gunzTarPerm   436,
257 silly gunzTarPerm   420 ]
258 silly gunzTarPerm extractEntry tools/node_modules/glob/node_modules/inflight/node_modules/wrappy/README.md
259 silly gunzTarPerm modified mode [ 'tools/node_modules/glob/node_modules/inflight/node_modules/wrappy/README.md',
259 silly gunzTarPerm   436,
259 silly gunzTarPerm   420 ]
260 silly gunzTarPerm extractEntry tools/node_modules/glob/node_modules/inflight/node_modules/wrappy/LICENSE
261 silly gunzTarPerm modified mode [ 'tools/node_modules/glob/node_modules/inflight/node_modules/wrappy/LICENSE',
261 silly gunzTarPerm   436,
261 silly gunzTarPerm   420 ]
262 silly gunzTarPerm extractEntry tools/node_modules/glob/node_modules/inflight/node_modules/wrappy/wrappy.js
263 silly gunzTarPerm modified mode [ 'tools/node_modules/glob/node_modules/inflight/node_modules/wrappy/wrappy.js',
263 silly gunzTarPerm   436,
263 silly gunzTarPerm   420 ]
264 silly gunzTarPerm extractEntry tools/node_modules/glob/node_modules/inflight/node_modules/wrappy/test/basic.js
265 silly gunzTarPerm modified mode [ 'tools/node_modules/glob/node_modules/inflight/node_modules/wrappy/test/basic.js',
265 silly gunzTarPerm   436,
265 silly gunzTarPerm   420 ]
266 silly gunzTarPerm extractEntry tools/node_modules/glob/node_modules/inherits/package.json
267 silly gunzTarPerm modified mode [ 'tools/node_modules/glob/node_modules/inherits/package.json',
267 silly gunzTarPerm   436,
267 silly gunzTarPerm   420 ]
268 silly gunzTarPerm extractEntry tools/node_modules/glob/node_modules/inherits/README.md
269 silly gunzTarPerm modified mode [ 'tools/node_modules/glob/node_modules/inherits/README.md',
269 silly gunzTarPerm   436,
269 silly gunzTarPerm   420 ]
270 silly gunzTarPerm extractEntry tools/node_modules/glob/node_modules/inherits/LICENSE
271 silly gunzTarPerm modified mode [ 'tools/node_modules/glob/node_modules/inherits/LICENSE',
271 silly gunzTarPerm   436,
271 silly gunzTarPerm   420 ]
272 silly gunzTarPerm extractEntry tools/node_modules/glob/node_modules/inherits/inherits.js
273 silly gunzTarPerm modified mode [ 'tools/node_modules/glob/node_modules/inherits/inherits.js',
273 silly gunzTarPerm   436,
273 silly gunzTarPerm   420 ]
274 silly gunzTarPerm extractEntry tools/node_modules/glob/node_modules/inherits/inherits_browser.js
275 silly gunzTarPerm modified mode [ 'tools/node_modules/glob/node_modules/inherits/inherits_browser.js',
275 silly gunzTarPerm   436,
275 silly gunzTarPerm   420 ]
276 silly gunzTarPerm extractEntry tools/node_modules/glob/node_modules/inherits/test.js
277 silly gunzTarPerm modified mode [ 'tools/node_modules/glob/node_modules/inherits/test.js',
277 silly gunzTarPerm   436,
277 silly gunzTarPerm   420 ]
278 silly gunzTarPerm extractEntry tools/node_modules/glob/node_modules/minimatch/package.json
279 silly gunzTarPerm modified mode [ 'tools/node_modules/glob/node_modules/minimatch/package.json',
279 silly gunzTarPerm   436,
279 silly gunzTarPerm   420 ]
280 silly gunzTarPerm extractEntry tools/node_modules/glob/node_modules/minimatch/README.md
281 silly gunzTarPerm modified mode [ 'tools/node_modules/glob/node_modules/minimatch/README.md',
281 silly gunzTarPerm   436,
281 silly gunzTarPerm   420 ]
282 silly gunzTarPerm extractEntry tools/node_modules/glob/node_modules/minimatch/LICENSE
283 silly gunzTarPerm modified mode [ 'tools/node_modules/glob/node_modules/minimatch/LICENSE',
283 silly gunzTarPerm   436,
283 silly gunzTarPerm   420 ]
284 silly gunzTarPerm extractEntry tools/node_modules/glob/node_modules/minimatch/browser.js
285 silly gunzTarPerm modified mode [ 'tools/node_modules/glob/node_modules/minimatch/browser.js',
285 silly gunzTarPerm   436,
285 silly gunzTarPerm   420 ]
286 silly gunzTarPerm extractEntry tools/node_modules/glob/node_modules/minimatch/minimatch.js
287 silly gunzTarPerm modified mode [ 'tools/node_modules/glob/node_modules/minimatch/minimatch.js',
287 silly gunzTarPerm   436,
287 silly gunzTarPerm   420 ]
288 silly gunzTarPerm extractEntry tools/node_modules/glob/node_modules/minimatch/node_modules/brace-expansion/package.json
289 silly gunzTarPerm modified mode [ 'tools/node_modules/glob/node_modules/minimatch/node_modules/brace-expansion/package.json',
289 silly gunzTarPerm   436,
289 silly gunzTarPerm   420 ]
290 silly gunzTarPerm extractEntry tools/node_modules/glob/node_modules/minimatch/node_modules/brace-expansion/.npmignore
291 silly gunzTarPerm modified mode [ 'tools/node_modules/glob/node_modules/minimatch/node_modules/brace-expansion/.npmignore',
291 silly gunzTarPerm   436,
291 silly gunzTarPerm   420 ]
292 silly gunzTarPerm extractEntry tools/node_modules/glob/node_modules/minimatch/node_modules/brace-expansion/README.md
293 silly gunzTarPerm modified mode [ 'tools/node_modules/glob/node_modules/minimatch/node_modules/brace-expansion/README.md',
293 silly gunzTarPerm   436,
293 silly gunzTarPerm   420 ]
294 silly gunzTarPerm extractEntry tools/node_modules/glob/node_modules/minimatch/node_modules/brace-expansion/example.js
295 silly gunzTarPerm modified mode [ 'tools/node_modules/glob/node_modules/minimatch/node_modules/brace-expansion/example.js',
295 silly gunzTarPerm   436,
295 silly gunzTarPerm   420 ]
296 silly gunzTarPerm extractEntry tools/node_modules/glob/node_modules/minimatch/node_modules/brace-expansion/index.js
297 silly gunzTarPerm modified mode [ 'tools/node_modules/glob/node_modules/minimatch/node_modules/brace-expansion/index.js',
297 silly gunzTarPerm   436,
297 silly gunzTarPerm   420 ]
298 silly gunzTarPerm extractEntry tools/node_modules/glob/node_modules/minimatch/node_modules/brace-expansion/.travis.yml
299 silly gunzTarPerm modified mode [ 'tools/node_modules/glob/node_modules/minimatch/node_modules/brace-expansion/.travis.yml',
299 silly gunzTarPerm   436,
299 silly gunzTarPerm   420 ]
300 silly gunzTarPerm extractEntry tools/node_modules/glob/node_modules/minimatch/node_modules/brace-expansion/test/bash-comparison.js
301 silly gunzTarPerm modified mode [ 'tools/node_modules/glob/node_modules/minimatch/node_modules/brace-expansion/test/bash-comparison.js',
301 silly gunzTarPerm   436,
301 silly gunzTarPerm   420 ]
302 silly gunzTarPerm extractEntry tools/node_modules/glob/node_modules/minimatch/node_modules/brace-expansion/test/same-type.js
303 silly gunzTarPerm modified mode [ 'tools/node_modules/glob/node_modules/minimatch/node_modules/brace-expansion/test/same-type.js',
303 silly gunzTarPerm   436,
303 silly gunzTarPerm   420 ]
304 silly gunzTarPerm extractEntry tools/node_modules/glob/node_modules/minimatch/node_modules/brace-expansion/test/dollar.js
305 silly gunzTarPerm modified mode [ 'tools/node_modules/glob/node_modules/minimatch/node_modules/brace-expansion/test/dollar.js',
305 silly gunzTarPerm   436,
305 silly gunzTarPerm   420 ]
306 silly gunzTarPerm extractEntry tools/node_modules/glob/node_modules/minimatch/node_modules/brace-expansion/test/empty-option.js
307 silly gunzTarPerm modified mode [ 'tools/node_modules/glob/node_modules/minimatch/node_modules/brace-expansion/test/empty-option.js',
307 silly gunzTarPerm   436,
307 silly gunzTarPerm   420 ]
308 silly gunzTarPerm extractEntry tools/node_modules/glob/node_modules/minimatch/node_modules/brace-expansion/test/pad.js
309 silly gunzTarPerm modified mode [ 'tools/node_modules/glob/node_modules/minimatch/node_modules/brace-expansion/test/pad.js',
309 silly gunzTarPerm   436,
309 silly gunzTarPerm   420 ]
310 silly gunzTarPerm extractEntry tools/node_modules/glob/node_modules/minimatch/node_modules/brace-expansion/test/order.js
311 silly gunzTarPerm modified mode [ 'tools/node_modules/glob/node_modules/minimatch/node_modules/brace-expansion/test/order.js',
311 silly gunzTarPerm   436,
311 silly gunzTarPerm   420 ]
312 silly gunzTarPerm extractEntry tools/node_modules/glob/node_modules/minimatch/node_modules/brace-expansion/test/nested.js
313 silly gunzTarPerm modified mode [ 'tools/node_modules/glob/node_modules/minimatch/node_modules/brace-expansion/test/nested.js',
313 silly gunzTarPerm   436,
313 silly gunzTarPerm   420 ]
314 silly gunzTarPerm extractEntry tools/node_modules/glob/node_modules/minimatch/node_modules/brace-expansion/test/sequence.js
315 silly gunzTarPerm modified mode [ 'tools/node_modules/glob/node_modules/minimatch/node_modules/brace-expansion/test/sequence.js',
315 silly gunzTarPerm   436,
315 silly gunzTarPerm   420 ]
316 silly gunzTarPerm extractEntry tools/node_modules/glob/node_modules/minimatch/node_modules/brace-expansion/test/negative-increment.js
317 silly gunzTarPerm modified mode [ 'tools/node_modules/glob/node_modules/minimatch/node_modules/brace-expansion/test/negative-increment.js',
317 silly gunzTarPerm   436,
317 silly gunzTarPerm   420 ]
318 silly gunzTarPerm extractEntry tools/node_modules/glob/node_modules/minimatch/node_modules/brace-expansion/test/bash-results.txt
319 silly gunzTarPerm modified mode [ 'tools/node_modules/glob/node_modules/minimatch/node_modules/brace-expansion/test/bash-results.txt',
319 silly gunzTarPerm   436,
319 silly gunzTarPerm   420 ]
320 silly gunzTarPerm extractEntry tools/node_modules/glob/node_modules/minimatch/node_modules/brace-expansion/test/generate.sh
321 silly gunzTarPerm modified mode [ 'tools/node_modules/glob/node_modules/minimatch/node_modules/brace-expansion/test/generate.sh',
321 silly gunzTarPerm   436,
321 silly gunzTarPerm   420 ]
322 silly gunzTarPerm extractEntry tools/node_modules/glob/node_modules/minimatch/node_modules/brace-expansion/test/cases.txt
323 silly gunzTarPerm modified mode [ 'tools/node_modules/glob/node_modules/minimatch/node_modules/brace-expansion/test/cases.txt',
323 silly gunzTarPerm   436,
323 silly gunzTarPerm   420 ]
324 silly gunzTarPerm extractEntry tools/node_modules/glob/node_modules/minimatch/node_modules/brace-expansion/node_modules/balanced-match/package.json
325 silly gunzTarPerm modified mode [ 'tools/node_modules/glob/node_modules/minimatch/node_modules/brace-expansion/node_modules/balanced-match/package.json',
325 silly gunzTarPerm   436,
325 silly gunzTarPerm   420 ]
326 silly gunzTarPerm extractEntry tools/node_modules/glob/node_modules/minimatch/node_modules/brace-expansion/node_modules/balanced-match/.npmignore
327 silly gunzTarPerm modified mode [ 'tools/node_modules/glob/node_modules/minimatch/node_modules/brace-expansion/node_modules/balanced-match/.npmignore',
327 silly gunzTarPerm   436,
327 silly gunzTarPerm   420 ]
328 silly gunzTarPerm extractEntry tools/node_modules/glob/node_modules/minimatch/node_modules/brace-expansion/node_modules/balanced-match/README.md
329 silly gunzTarPerm modified mode [ 'tools/node_modules/glob/node_modules/minimatch/node_modules/brace-expansion/node_modules/balanced-match/README.md',
329 silly gunzTarPerm   436,
329 silly gunzTarPerm   420 ]
330 silly gunzTarPerm extractEntry tools/node_modules/glob/node_modules/minimatch/node_modules/brace-expansion/node_modules/balanced-match/example.js
331 silly gunzTarPerm modified mode [ 'tools/node_modules/glob/node_modules/minimatch/node_modules/brace-expansion/node_modules/balanced-match/example.js',
331 silly gunzTarPerm   436,
331 silly gunzTarPerm   420 ]
332 silly gunzTarPerm extractEntry tools/node_modules/glob/node_modules/minimatch/node_modules/brace-expansion/node_modules/balanced-match/index.js
333 silly gunzTarPerm modified mode [ 'tools/node_modules/glob/node_modules/minimatch/node_modules/brace-expansion/node_modules/balanced-match/index.js',
333 silly gunzTarPerm   436,
333 silly gunzTarPerm   420 ]
334 silly gunzTarPerm extractEntry tools/node_modules/glob/node_modules/minimatch/node_modules/brace-expansion/node_modules/balanced-match/.travis.yml
335 silly gunzTarPerm modified mode [ 'tools/node_modules/glob/node_modules/minimatch/node_modules/brace-expansion/node_modules/balanced-match/.travis.yml',
335 silly gunzTarPerm   436,
335 silly gunzTarPerm   420 ]
336 silly gunzTarPerm extractEntry tools/node_modules/glob/node_modules/minimatch/node_modules/brace-expansion/node_modules/balanced-match/Makefile
337 silly gunzTarPerm modified mode [ 'tools/node_modules/glob/node_modules/minimatch/node_modules/brace-expansion/node_modules/balanced-match/Makefile',
337 silly gunzTarPerm   436,
337 silly gunzTarPerm   420 ]
338 silly gunzTarPerm extractEntry tools/node_modules/glob/node_modules/minimatch/node_modules/brace-expansion/node_modules/balanced-match/test/balanced.js
339 silly gunzTarPerm modified mode [ 'tools/node_modules/glob/node_modules/minimatch/node_modules/brace-expansion/node_modules/balanced-match/test/balanced.js',
339 silly gunzTarPerm   436,
339 silly gunzTarPerm   420 ]
340 silly gunzTarPerm extractEntry tools/node_modules/glob/node_modules/minimatch/node_modules/brace-expansion/node_modules/concat-map/package.json
341 silly gunzTarPerm modified mode [ 'tools/node_modules/glob/node_modules/minimatch/node_modules/brace-expansion/node_modules/concat-map/package.json',
341 silly gunzTarPerm   436,
341 silly gunzTarPerm   420 ]
342 silly gunzTarPerm extractEntry tools/node_modules/glob/node_modules/minimatch/node_modules/brace-expansion/node_modules/concat-map/LICENSE
343 silly gunzTarPerm modified mode [ 'tools/node_modules/glob/node_modules/minimatch/node_modules/brace-expansion/node_modules/concat-map/LICENSE',
343 silly gunzTarPerm   436,
343 silly gunzTarPerm   420 ]
344 silly gunzTarPerm extractEntry tools/node_modules/glob/node_modules/minimatch/node_modules/brace-expansion/node_modules/concat-map/index.js
345 silly gunzTarPerm modified mode [ 'tools/node_modules/glob/node_modules/minimatch/node_modules/brace-expansion/node_modules/concat-map/index.js',
345 silly gunzTarPerm   436,
345 silly gunzTarPerm   420 ]
346 silly gunzTarPerm extractEntry tools/node_modules/glob/node_modules/minimatch/node_modules/brace-expansion/node_modules/concat-map/.travis.yml
347 silly gunzTarPerm modified mode [ 'tools/node_modules/glob/node_modules/minimatch/node_modules/brace-expansion/node_modules/concat-map/.travis.yml',
347 silly gunzTarPerm   436,
347 silly gunzTarPerm   420 ]
348 silly gunzTarPerm extractEntry tools/node_modules/glob/node_modules/minimatch/node_modules/brace-expansion/node_modules/concat-map/README.markdown
349 silly gunzTarPerm modified mode [ 'tools/node_modules/glob/node_modules/minimatch/node_modules/brace-expansion/node_modules/concat-map/README.markdown',
349 silly gunzTarPerm   436,
349 silly gunzTarPerm   420 ]
350 silly gunzTarPerm extractEntry tools/node_modules/glob/node_modules/minimatch/node_modules/brace-expansion/node_modules/concat-map/example/map.js
351 silly gunzTarPerm modified mode [ 'tools/node_modules/glob/node_modules/minimatch/node_modules/brace-expansion/node_modules/concat-map/example/map.js',
351 silly gunzTarPerm   436,
351 silly gunzTarPerm   420 ]
352 silly gunzTarPerm extractEntry tools/node_modules/glob/node_modules/minimatch/node_modules/brace-expansion/node_modules/concat-map/test/map.js
353 silly gunzTarPerm modified mode [ 'tools/node_modules/glob/node_modules/minimatch/node_modules/brace-expansion/node_modules/concat-map/test/map.js',
353 silly gunzTarPerm   436,
353 silly gunzTarPerm   420 ]
354 silly gunzTarPerm extractEntry tools/node_modules/glob/node_modules/once/package.json
355 silly gunzTarPerm modified mode [ 'tools/node_modules/glob/node_modules/once/package.json',
355 silly gunzTarPerm   436,
355 silly gunzTarPerm   420 ]
356 silly gunzTarPerm extractEntry tools/node_modules/glob/node_modules/once/README.md
357 silly gunzTarPerm modified mode [ 'tools/node_modules/glob/node_modules/once/README.md',
357 silly gunzTarPerm   436,
357 silly gunzTarPerm   420 ]
358 silly gunzTarPerm extractEntry tools/node_modules/glob/node_modules/once/LICENSE
359 silly gunzTarPerm modified mode [ 'tools/node_modules/glob/node_modules/once/LICENSE', 436, 420 ]
360 silly gunzTarPerm extractEntry tools/node_modules/glob/node_modules/once/once.js
361 silly gunzTarPerm modified mode [ 'tools/node_modules/glob/node_modules/once/once.js', 436, 420 ]
362 silly gunzTarPerm extractEntry tools/node_modules/glob/node_modules/once/test/once.js
363 silly gunzTarPerm modified mode [ 'tools/node_modules/glob/node_modules/once/test/once.js',
363 silly gunzTarPerm   436,
363 silly gunzTarPerm   420 ]
364 silly gunzTarPerm extractEntry tools/node_modules/glob/node_modules/once/node_modules/wrappy/package.json
365 silly gunzTarPerm modified mode [ 'tools/node_modules/glob/node_modules/once/node_modules/wrappy/package.json',
365 silly gunzTarPerm   436,
365 silly gunzTarPerm   420 ]
366 silly gunzTarPerm extractEntry tools/node_modules/glob/node_modules/once/node_modules/wrappy/README.md
367 silly gunzTarPerm modified mode [ 'tools/node_modules/glob/node_modules/once/node_modules/wrappy/README.md',
367 silly gunzTarPerm   436,
367 silly gunzTarPerm   420 ]
368 silly gunzTarPerm extractEntry tools/node_modules/glob/node_modules/once/node_modules/wrappy/LICENSE
369 silly gunzTarPerm modified mode [ 'tools/node_modules/glob/node_modules/once/node_modules/wrappy/LICENSE',
369 silly gunzTarPerm   436,
369 silly gunzTarPerm   420 ]
370 silly gunzTarPerm extractEntry tools/node_modules/glob/node_modules/once/node_modules/wrappy/wrappy.js
371 silly gunzTarPerm modified mode [ 'tools/node_modules/glob/node_modules/once/node_modules/wrappy/wrappy.js',
371 silly gunzTarPerm   436,
371 silly gunzTarPerm   420 ]
372 silly gunzTarPerm extractEntry tools/node_modules/glob/node_modules/once/node_modules/wrappy/test/basic.js
373 silly gunzTarPerm modified mode [ 'tools/node_modules/glob/node_modules/once/node_modules/wrappy/test/basic.js',
373 silly gunzTarPerm   436,
373 silly gunzTarPerm   420 ]
374 silly gunzTarPerm extractEntry tools/node_modules/glob/node_modules/path-is-absolute/package.json
375 silly gunzTarPerm modified mode [ 'tools/node_modules/glob/node_modules/path-is-absolute/package.json',
375 silly gunzTarPerm   436,
375 silly gunzTarPerm   420 ]
376 silly gunzTarPerm extractEntry tools/node_modules/glob/node_modules/path-is-absolute/index.js
377 silly gunzTarPerm modified mode [ 'tools/node_modules/glob/node_modules/path-is-absolute/index.js',
377 silly gunzTarPerm   436,
377 silly gunzTarPerm   420 ]
378 silly gunzTarPerm extractEntry tools/node_modules/glob/node_modules/path-is-absolute/license
379 silly gunzTarPerm modified mode [ 'tools/node_modules/glob/node_modules/path-is-absolute/license',
379 silly gunzTarPerm   436,
379 silly gunzTarPerm   420 ]
380 silly gunzTarPerm extractEntry tools/node_modules/glob/node_modules/path-is-absolute/readme.md
381 silly gunzTarPerm modified mode [ 'tools/node_modules/glob/node_modules/path-is-absolute/readme.md',
381 silly gunzTarPerm   436,
381 silly gunzTarPerm   420 ]
382 verbose write writing to /Users/danielmartinez/tutorials/express-tutorial/node_modules/dev/node_modules/inotify/node_modules/nan/package.json
383 info preinstall nan@1.9.0
384 verbose readDependencies loading dependencies from /Users/danielmartinez/tutorials/express-tutorial/node_modules/dev/node_modules/inotify/node_modules/nan/package.json
385 verbose readDependencies loading dependencies from /Users/danielmartinez/tutorials/express-tutorial/node_modules/dev/node_modules/inotify/node_modules/nan/package.json
386 silly install resolved []
387 verbose about to build /Users/danielmartinez/tutorials/express-tutorial/node_modules/dev/node_modules/inotify/node_modules/nan
388 info build /Users/danielmartinez/tutorials/express-tutorial/node_modules/dev/node_modules/inotify/node_modules/nan
389 info linkStuff nan@1.9.0
390 silly linkStuff nan@1.9.0 has /Users/danielmartinez/tutorials/express-tutorial/node_modules/dev/node_modules/inotify/node_modules as its parent node_modules
391 verbose linkBins nan@1.9.0
392 verbose linkMans nan@1.9.0
393 verbose rebuildBundles nan@1.9.0
394 info install nan@1.9.0
395 info postinstall nan@1.9.0
396 verbose unlock done using /Users/danielmartinez/.npm/_locks/nan-3753aa0874d7b34c.lock for /Users/danielmartinez/tutorials/express-tutorial/node_modules/dev/node_modules/inotify/node_modules/nan
397 verbose about to build /Users/danielmartinez/tutorials/express-tutorial/node_modules/dev/node_modules/inotify
398 info build /Users/danielmartinez/tutorials/express-tutorial/node_modules/dev/node_modules/inotify
399 info linkStuff inotify@1.3.0
400 silly linkStuff inotify@1.3.0 has /Users/danielmartinez/tutorials/express-tutorial/node_modules/dev/node_modules as its parent node_modules
401 verbose linkBins inotify@1.3.0
402 verbose linkMans inotify@1.3.0
403 verbose rebuildBundles inotify@1.3.0
404 verbose rebuildBundles [ 'nan' ]
405 info install inotify@1.3.0
406 verbose unsafe-perm in lifecycle true
407 info inotify@1.3.0 Failed to exec install script
408 verbose unlock done using /Users/danielmartinez/.npm/_locks/inotify-c2de69fb4e933b6c.lock for /Users/danielmartinez/tutorials/express-tutorial/node_modules/dev/node_modules/inotify
409 verbose about to build /Users/danielmartinez/tutorials/express-tutorial/node_modules/dev
410 verbose unlock done using /Users/danielmartinez/.npm/_locks/dev-2bbdc9bc6d5f1fdf.lock for /Users/danielmartinez/tutorials/express-tutorial/node_modules/dev
411 verbose stack Error: inotify@1.3.0 install: `node-gyp rebuild`
411 verbose stack Exit status 1
411 verbose stack     at EventEmitter.<anonymous> (/usr/local/lib/node_modules/npm/lib/utils/lifecycle.js:213:16)
411 verbose stack     at EventEmitter.emit (events.js:110:17)
411 verbose stack     at ChildProcess.<anonymous> (/usr/local/lib/node_modules/npm/lib/utils/spawn.js:24:14)
411 verbose stack     at ChildProcess.emit (events.js:110:17)
411 verbose stack     at maybeClose (child_process.js:1015:16)
411 verbose stack     at Process.ChildProcess._handle.onexit (child_process.js:1087:5)
412 verbose pkgid inotify@1.3.0
413 verbose cwd /Users/danielmartinez/tutorials/express-tutorial
414 error Darwin 14.4.0
415 error argv "node" "/usr/local/bin/npm" "install" "dev"
416 error node v0.12.5
417 error npm  v2.11.2
418 error code ELIFECYCLE
419 error inotify@1.3.0 install: `node-gyp rebuild`
419 error Exit status 1
420 error Failed at the inotify@1.3.0 install script 'node-gyp rebuild'.
420 error This is most likely a problem with the inotify package,
420 error not with npm itself.
420 error Tell the author that this fails on your system:
420 error     node-gyp rebuild
420 error You can get their info via:
420 error     npm owner ls inotify
420 error There is likely additional logging output above.
421 verbose exit [ 1, true ]
422 verbose unbuild node_modules/dev/node_modules/inotify
423 info preuninstall inotify@1.3.0
424 info uninstall inotify@1.3.0
425 verbose unbuild rmStuff inotify@1.3.0 from /Users/danielmartinez/tutorials/express-tutorial/node_modules
426 verbose unbuild rmStuff in /Users/danielmartinez/tutorials/express-tutorial/node_modules/dev/node_modules
427 info postuninstall inotify@1.3.0
428 silly gentlyRm /Users/danielmartinez/tutorials/express-tutorial/node_modules/dev/node_modules/inotify is being purged from base /Users/danielmartinez/tutorials/express-tutorial
429 verbose gentlyRm don't care about contents; nuking /Users/danielmartinez/tutorials/express-tutorial/node_modules/dev/node_modules/inotify
430 silly vacuum-fs purging /Users/danielmartinez/tutorials/express-tutorial/node_modules/dev/node_modules/inotify
431 silly vacuum-fs removing /Users/danielmartinez/tutorials/express-tutorial/node_modules/dev/node_modules
432 silly vacuum-fs quitting because other entries in /Users/danielmartinez/tutorials/express-tutorial/node_modules/dev
433 verbose unbuild node_modules/dev
434 info preuninstall dev@0.1.3
435 info uninstall dev@0.1.3
436 verbose unbuild rmStuff dev@0.1.3 from /Users/danielmartinez/tutorials/express-tutorial/node_modules
437 silly gentlyRm /Users/danielmartinez/tutorials/express-tutorial/node_modules/.bin/node-dev is being gently removed
438 silly gentlyRm verifying /Users/danielmartinez/tutorials/express-tutorial is an npm working directory
439 silly gentlyRm containing path /Users/danielmartinez/tutorials/express-tutorial is under npm's control, in /Users/danielmartinez/tutorials/express-tutorial
440 silly gentlyRm deletion target /Users/danielmartinez/tutorials/express-tutorial/node_modules/.bin/node-dev is under /Users/danielmartinez/tutorials/express-tutorial
441 verbose gentlyRm vacuuming from /Users/danielmartinez/tutorials/express-tutorial/node_modules/.bin/node-dev up to /Users/danielmartinez/tutorials/express-tutorial
442 info postuninstall dev@0.1.3
443 silly gentlyRm /Users/danielmartinez/tutorials/express-tutorial/node_modules/dev is being purged from base /Users/danielmartinez/tutorials/express-tutorial
444 verbose gentlyRm don't care about contents; nuking /Users/danielmartinez/tutorials/express-tutorial/node_modules/dev
445 silly vacuum-fs purging /Users/danielmartinez/tutorials/express-tutorial/node_modules/dev
446 silly vacuum-fs quitting because other entries in /Users/danielmartinez/tutorials/express-tutorial/node_modules
